Arguments: 
  /usr/local/bin/node /Users/justin/.yarn/bin/yarn.js install

PATH: 
  /Users/justin/.yarn/bin:/usr/local/bin:/usr/bin:/bin:/usr/sbin:/sbin:/Library/Frameworks/Mono.framework/Versions/Current/Commands

Yarn version: 
  0.27.5

Node version: 
  7.10.0

Platform: 
  darwin x64

npm manifest: 
  {
    "name": "ea-resources",
    "version": "1.0.0",
    "description": "Display app for East Asian online resources",
    "main": "app/index.js",
    "babel": {
      "presets": [
        "env",
        "react",
        "flow"
      ]
    },
    "scripts": {
      "build": "webpack",
      "start": "webpack-dev-server --port 4000",
      "test": "eslint app"
    },
    "keywords": [],
    "author": "",
    "license": "ISC",
    "dependencies": {
      "react": "^15.5.4",
      "react-dom": "^15.5.4",
    },
    "devDependencies": {
      "babel-cli": "^6.24.1",
      "babel-core": "^6.24.1",
      "babel-loader": "^7.0.0",
      "babel-preset-env": "^1.5.1",
      "babel-preset-react": "^6.24.1",
      "css-loader": "^0.28.3",
      "eslint": "^3.19.0",
      "eslint-plugin-react": "^7.0.1",
      "html-webpack-plugin": "^2.28.0",
      "json-loader": "^0.5.4",
      "style-loader": "^0.18.1",
      "webpack": "^2.6.1",
      "webpack-dev-server": "^2.4.5"
    }
  }

yarn manifest: 
  No manifest

Lockfile: 
  No lockfile

Trace: 
  SyntaxError: /Users/justin/Documents/code/motili-dev/package.json: Unexpected token } in JSON at position 466
      at JSON.parse (<anonymous>)
      at /Users/justin/.yarn/lib/yarn-cli.js:747:57
      at Generator.next (<anonymous>)
      at step (/Users/justin/.yarn/lib/yarn-cli.js:91:30)
      at /Users/justin/.yarn/lib/yarn-cli.js:102:13
